Start testing: Mar 31 15:59 UTC
----------------------------------------------------------
1/4 Testing: DSP_Test_Unity_Gain
1/4 Test: DSP_Test_Unity_Gain
Command: "/home/runner/work/NeuroBoost/NeuroBoost/build_test/bin/NeuroBoost_DSP_Test" "100"
Directory: /home/runner/work/NeuroBoost/NeuroBoost/build_test
"DSP_Test_Unity_Gain" start time: Mar 31 15:59 UTC
Output:
----------------------------------------------------------
NeuroBoost DSP Test
===================
Gain setting: 100%

Test Results:
  Input RMS:  0.349995
  Output RMS: 0.349995
  Expected ratio: 1
  Actual ratio:   1

SUCCESS: Gain processing is correct!
<end of output>
Test time =   0.00 sec
----------------------------------------------------------
Test Passed.
"DSP_Test_Unity_Gain" end time: Mar 31 15:59 UTC
"DSP_Test_Unity_Gain" time elapsed: 00:00:00
----------------------------------------------------------

2/4 Testing: DSP_Test_Half_Gain
2/4 Test: DSP_Test_Half_Gain
Command: "/home/runner/work/NeuroBoost/NeuroBoost/build_test/bin/NeuroBoost_DSP_Test" "50"
Directory: /home/runner/work/NeuroBoost/NeuroBoost/build_test
"DSP_Test_Half_Gain" start time: Mar 31 15:59 UTC
Output:
----------------------------------------------------------
NeuroBoost DSP Test
===================
Gain setting: 50%

Test Results:
  Input RMS:  0.349995
  Output RMS: 0.174998
  Expected ratio: 0.5
  Actual ratio:   0.5

SUCCESS: Gain processing is correct!
<end of output>
Test time =   0.00 sec
----------------------------------------------------------
Test Passed.
"DSP_Test_Half_Gain" end time: Mar 31 15:59 UTC
"DSP_Test_Half_Gain" time elapsed: 00:00:00
----------------------------------------------------------

3/4 Testing: DSP_Test_Double_Gain
3/4 Test: DSP_Test_Double_Gain
Command: "/home/runner/work/NeuroBoost/NeuroBoost/build_test/bin/NeuroBoost_DSP_Test" "200"
Directory: /home/runner/work/NeuroBoost/NeuroBoost/build_test
"DSP_Test_Double_Gain" start time: Mar 31 15:59 UTC
Output:
----------------------------------------------------------
NeuroBoost DSP Test
===================
Gain setting: 200%

Test Results:
  Input RMS:  0.349995
  Output RMS: 0.699991
  Expected ratio: 2
  Actual ratio:   2

SUCCESS: Gain processing is correct!
<end of output>
Test time =   0.00 sec
----------------------------------------------------------
Test Passed.
"DSP_Test_Double_Gain" end time: Mar 31 15:59 UTC
"DSP_Test_Double_Gain" time elapsed: 00:00:00
----------------------------------------------------------

4/4 Testing: DSP_Test_Mute
4/4 Test: DSP_Test_Mute
Command: "/home/runner/work/NeuroBoost/NeuroBoost/build_test/bin/NeuroBoost_DSP_Test" "0"
Directory: /home/runner/work/NeuroBoost/NeuroBoost/build_test
"DSP_Test_Mute" start time: Mar 31 15:59 UTC
Output:
----------------------------------------------------------
NeuroBoost DSP Test
===================
Gain setting: 0%

Test Results:
  Input RMS:  0.349995
  Output RMS: 0
  Expected ratio: 0
  Actual ratio:   0

SUCCESS: Gain processing is correct!
<end of output>
Test time =   0.00 sec
----------------------------------------------------------
Test Passed.
"DSP_Test_Mute" end time: Mar 31 15:59 UTC
"DSP_Test_Mute" time elapsed: 00:00:00
----------------------------------------------------------

End testing: Mar 31 15:59 UTC
